<?xml version="1.0" encoding="utf-8"?><testsuites><testsuite errors="0" failures="0" hostname="jenkins-vm" name="pytest" skipped="0" tests="11" time="147.931" timestamp="2020-05-07T18:39:37.915110"><testcase classname="panstamps.tests.test_downloader.test_downloader" file="panstamps/tests/test_downloader.py" line="42" name="test_downloader_function" time="7.832"></testcase><testcase classname="panstamps.tests.test_downloader.test_downloader" file="panstamps/tests/test_downloader.py" line="61" name="test_downloader_function02" time="2.885"></testcase><testcase classname="panstamps.tests.test_downloader.test_downloader" file="panstamps/tests/test_downloader.py" line="81" name="test_downloader_function03" time="5.974"></testcase><testcase classname="panstamps.tests.test_downloader.test_downloader" file="panstamps/tests/test_downloader.py" line="100" name="test_downloader_function04" time="6.509"></testcase><testcase classname="panstamps.tests.test_downloader.test_downloader" file="panstamps/tests/test_downloader.py" line="120" name="test_downloader_function05" time="15.344"></testcase><testcase classname="panstamps.tests.test_downloader.test_downloader" file="panstamps/tests/test_downloader.py" line="139" name="test_downloader_function06" time="3.439"></testcase><testcase classname="panstamps.tests.test_downloader.test_downloader" file="panstamps/tests/test_downloader.py" line="161" name="test_downloader_function07" time="3.485"></testcase><testcase classname="panstamps.tests.test_downloader.test_downloader" file="panstamps/tests/test_downloader.py" line="182" name="test_downloader_function08" time="3.629"></testcase><testcase classname="panstamps.tests.test_downloader.test_downloader" file="panstamps/tests/test_downloader.py" line="203" name="test_downloader_function09" time="30.281"></testcase><testcase classname="panstamps.tests.test_image.test_image" file="panstamps/tests/test_image.py" line="42" name="test_image_function" time="35.114"></testcase><testcase classname="panstamps.tests.test_image.test_image" file="panstamps/tests/test_image.py" line="87" name="test_image_function02" time="32.612"></testcase></testsuite></testsuites>